# JRE version: Java(TM) SE Runtime Environment (8.0_121-b13) (build 1.8.0_121-b13)
# Java VM: Java HotSpot(TM) 64-Bit Server VM (25.121-b13 mixed mode windows-amd64 compressed oops)
Heap:
 PSYoungGen      total 264704K, used 115264K [0x00000000e0000000, 0x00000000f3a80000, 0x0000000100000000)
  eden space 248832K, 46% used [0x00000000e0000000,0x00000000e70900d0,0x00000000ef300000)
  from space 15872K, 0% used [0x00000000f0e00000,0x00000000f0e00000,0x00000000f1d80000)
  to   space 27648K, 0% used [0x00000000ef300000,0x00000000ef300000,0x00000000f0e00000)
 ParOldGen       total 142336K, used 53366K [0x00000000a0000000, 0x00000000a8b00000, 0x00000000e0000000)
  object space 142336K, 37% used [0x00000000a0000000,0x00000000a341d878,0x00000000a8b00000)
 Metaspace       used 57434K, capacity 57900K, committed 58112K, reserved 1097728K
  class space    used 10226K, capacity 10403K, committed 10496K, reserved 1048576K
GC Heap History (10 events):
Event: 106.474 GC heap before
{Heap before GC invocations=11 (full 2):
 PSYoungGen      total 157696K, used 154788K [0x00000000e0000000, 0x00000000ea580000, 0x0000000100000000)
  eden space 148480K, 100% used [0x00000000e0000000,0x00000000e9100000,0x00000000e9100000)
  from space 9216K, 68% used [0x00000000e9a00000,0x00000000ea029050,0x00000000ea300000)
  to   space 9216K, 0% used [0x00000000e9100000,0x00000000e9100000,0x00000000e9a00000)
 ParOldGen       total 69632K, used 8193K [0x00000000a0000000, 0x00000000a4400000, 0x00000000e0000000)
  object space 69632K, 11% used [0x00000000a0000000,0x00000000a08007f0,0x00000000a4400000)
 Metaspace       used 45782K, capacity 46134K, committed 46336K, reserved 1087488K
  class space    used 8242K, capacity 8374K, committed 8448K, reserved 1048576K
Event: 106.560 GC heap after
Heap after GC invocations=11 (full 2):
 PSYoungGen      total 157696K, used 9200K [0x00000000e0000000, 0x00000000ee500000, 0x0000000100000000)
  eden space 148480K, 0% used [0x00000000e0000000,0x00000000e0000000,0x00000000e9100000)
  from space 9216K, 99% used [0x00000000e9100000,0x00000000e99fc0b0,0x00000000e9a00000)
  to   space 15872K, 0% used [0x00000000ed580000,0x00000000ed580000,0x00000000ee500000)
 ParOldGen       total 69632K, used 22329K [0x00000000a0000000, 0x00000000a4400000, 0x00000000e0000000)
  object space 69632K, 32% used [0x00000000a0000000,0x00000000a15ce7b8,0x00000000a4400000)
 Metaspace       used 45782K, capacity 46134K, committed 46336K, reserved 1087488K
  class space    used 8242K, capacity 8374K, committed 8448K, reserved 1048576K
}
Event: 117.755 GC heap before
{Heap before GC invocations=12 (full 2):
 PSYoungGen      total 157696K, used 157680K [0x00000000e0000000, 0x00000000ee500000, 0x0000000100000000)
  eden space 148480K, 100% used [0x00000000e0000000,0x00000000e9100000,0x00000000e9100000)
  from space 9216K, 99% used [0x00000000e9100000,0x00000000e99fc0b0,0x00000000e9a00000)
  to   space 15872K, 0% used [0x00000000ed580000,0x00000000ed580000,0x00000000ee500000)
 ParOldGen       total 69632K, used 22329K [0x00000000a0000000, 0x00000000a4400000, 0x00000000e0000000)
  object space 69632K, 32% used [0x00000000a0000000,0x00000000a15ce7b8,0x00000000a4400000)
 Metaspace       used 53043K, capacity 53382K, committed 53504K, reserved 1093632K
  class space    used 9802K, capacity 9918K, committed 9984K, reserved 1048576K
Event: 117.787 GC heap after
Heap after GC invocations=12 (full 2):
 PSYoungGen      total 210432K, used 11761K [0x00000000e0000000, 0x00000000ee180000, 0x0000000100000000)
  eden space 198144K, 0% used [0x00000000e0000000,0x00000000e0000000,0x00000000ec180000)
  from space 12288K, 95% used [0x00000000ed580000,0x00000000ee0fc640,0x00000000ee180000)
  to   space 16384K, 0% used [0x00000000ec180000,0x00000000ec180000,0x00000000ed180000)
 ParOldGen       total 69632K, used 24565K [0x00000000a0000000, 0x00000000a4400000, 0x00000000e0000000)
  object space 69632K, 35% used [0x00000000a0000000,0x00000000a17fd7f8,0x00000000a4400000)
 Metaspace       used 53043K, capacity 53382K, committed 53504K, reserved 1093632K
  class space    used 9802K, capacity 9918K, committed 9984K, reserved 1048576K
}
Event: 125.001 GC heap before
{Heap before GC invocations=13 (full 2):
 PSYoungGen      total 210432K, used 209905K [0x00000000e0000000, 0x00000000ee180000, 0x0000000100000000)
  eden space 198144K, 100% used [0x00000000e0000000,0x00000000ec180000,0x00000000ec180000)
  from space 12288K, 95% used [0x00000000ed580000,0x00000000ee0fc640,0x00000000ee180000)
  to   space 16384K, 0% used [0x00000000ec180000,0x00000000ec180000,0x00000000ed180000)
 ParOldGen       total 69632K, used 24565K [0x00000000a0000000, 0x00000000a4400000, 0x00000000e0000000)
  object space 69632K, 35% used [0x00000000a0000000,0x00000000a17fd7f8,0x00000000a4400000)
 Metaspace       used 53386K, capacity 53702K, committed 54016K, reserved 1093632K
  class space    used 9813K, capacity 9918K, committed 9984K, reserved 1048576K
Event: 125.036 GC heap after
Heap after GC invocations=13 (full 2):
 PSYoungGen      total 214528K, used 8000K [0x00000000e0000000, 0x00000000f1d80000, 0x0000000100000000)
  eden space 198144K, 0% used [0x00000000e0000000,0x00000000e0000000,0x00000000ec180000)
  from space 16384K, 48% used [0x00000000ec180000,0x00000000ec950020,0x00000000ed180000)
  to   space 15872K, 0% used [0x00000000f0e00000,0x00000000f0e00000,0x00000000f1d80000)
 ParOldGen       total 69632K, used 29931K [0x00000000a0000000, 0x00000000a4400000, 0x00000000e0000000)
  object space 69632K, 42% used [0x00000000a0000000,0x00000000a1d3ad48,0x00000000a4400000)
 Metaspace       used 53386K, capacity 53702K, committed 54016K, reserved 1093632K
  class space    used 9813K, capacity 9918K, committed 9984K, reserved 1048576K
}
Event: 128.930 GC heap before
{Heap before GC invocations=14 (full 2):
 PSYoungGen      total 214528K, used 206144K [0x00000000e0000000, 0x00000000f1d80000, 0x0000000100000000)
  eden space 198144K, 100% used [0x00000000e0000000,0x00000000ec180000,0x00000000ec180000)
  from space 16384K, 48% used [0x00000000ec180000,0x00000000ec950020,0x00000000ed180000)
  to   space 15872K, 0% used [0x00000000f0e00000,0x00000000f0e00000,0x00000000f1d80000)
 ParOldGen       total 69632K, used 29931K [0x00000000a0000000, 0x00000000a4400000, 0x00000000e0000000)
  object space 69632K, 42% used [0x00000000a0000000,0x00000000a1d3ad48,0x00000000a4400000)
 Metaspace       used 54143K, capacity 54590K, committed 54912K, reserved 1093632K
  class space    used 9873K, capacity 10022K, committed 10112K, reserved 1048576K
Event: 128.993 GC heap after
Heap after GC invocations=14 (full 2):
 PSYoungGen      total 264704K, used 15850K [0x00000000e0000000, 0x00000000f3a80000, 0x0000000100000000)
  eden space 248832K, 0% used [0x00000000e0000000,0x00000000e0000000,0x00000000ef300000)
  from space 15872K, 99% used [0x00000000f0e00000,0x00000000f1d7aa20,0x00000000f1d80000)
  to   space 27648K, 0% used [0x00000000ef300000,0x00000000ef300000,0x00000000f0e00000)
 ParOldGen       total 69632K, used 57223K [0x00000000a0000000, 0x00000000a4400000, 0x00000000e0000000)
  object space 69632K, 82% used [0x00000000a0000000,0x00000000a37e1fe8,0x00000000a4400000)
 Metaspace       used 54143K, capacity 54590K, committed 54912K, reserved 1093632K
  class space    used 9873K, capacity 10022K, committed 10112K, reserved 1048576K
}
Event: 128.993 GC heap before
{Heap before GC invocations=15 (full 3):
 PSYoungGen      total 264704K, used 15850K [0x00000000e0000000, 0x00000000f3a80000, 0x0000000100000000)
  eden space 248832K, 0% used [0x00000000e0000000,0x00000000e0000000,0x00000000ef300000)
  from space 15872K, 99% used [0x00000000f0e00000,0x00000000f1d7aa20,0x00000000f1d80000)
  to   space 27648K, 0% used [0x00000000ef300000,0x00000000ef300000,0x00000000f0e00000)
 ParOldGen       total 69632K, used 57223K [0x00000000a0000000, 0x00000000a4400000, 0x00000000e0000000)
  object space 69632K, 82% used [0x00000000a0000000,0x00000000a37e1fe8,0x00000000a4400000)
 Metaspace       used 54143K, capacity 54590K, committed 54912K, reserved 1093632K
  class space    used 9873K, capacity 10022K, committed 10112K, reserved 1048576K
Event: 129.459 GC heap after
Heap after GC invocations=15 (full 3):
 PSYoungGen      total 264704K, used 0K [0x00000000e0000000, 0x00000000f3a80000, 0x0000000100000000)
  eden space 248832K, 0% used [0x00000000e0000000,0x00000000e0000000,0x00000000ef300000)
  from space 15872K, 0% used [0x00000000f0e00000,0x00000000f0e00000,0x00000000f1d80000)
  to   space 27648K, 0% used [0x00000000ef300000,0x00000000ef300000,0x00000000f0e00000)
 ParOldGen       total 142336K, used 53366K [0x00000000a0000000, 0x00000000a8b00000, 0x00000000e0000000)
  object space 142336K, 37% used [0x00000000a0000000,0x00000000a341d878,0x00000000a8b00000)
 Metaspace       used 53696K, capacity 54106K, committed 54912K, reserved 1093632K
  class space    used 9750K, capacity 9882K, committed 10112K, reserved 1048576K
}

