# JRE version: Java(TM) SE Runtime Environment (8.0_121-b13) (build 1.8.0_121-b13)
# Java VM: Java HotSpot(TM) 64-Bit Server VM (25.121-b13 mixed mode windows-amd64 compressed oops)
Heap:
 PSYoungGen      total 408064K, used 394272K [0x00000000d6d00000, 0x00000000f2a00000, 0x0000000100000000)
  eden space 389120K, 100% used [0x00000000d6d00000,0x00000000ee900000,0x00000000ee900000)
  from space 18944K, 27% used [0x00000000ee900000,0x00000000eee08050,0x00000000efb80000)
  to   space 17408K, 35% used [0x00000000f1900000,0x00000000f1f04060,0x00000000f2a00000)
 ParOldGen       total 1086464K, used 921945K [0x0000000084600000, 0x00000000c6b00000, 0x00000000d6d00000)
  object space 1086464K, 84% used [0x0000000084600000,0x00000000bca56600,0x00000000c6b00000)
 Metaspace       used 51173K, capacity 51394K, committed 51584K, reserved 1095680K
  class space    used 5817K, capacity 5917K, committed 6016K, reserved 1048576K
GC Heap History (10 events):
Event: 34.310 GC heap after
Heap after GC invocations=77 (full 6):
 PSYoungGen      total 356352K, used 64K [0x00000000d6d00000, 0x00000000ee180000, 0x0000000100000000)
  eden space 355328K, 0% used [0x00000000d6d00000,0x00000000d6d00000,0x00000000ec800000)
  from space 1024K, 6% used [0x00000000ec800000,0x00000000ec810000,0x00000000ec900000)
  to   space 1024K, 0% used [0x00000000ee080000,0x00000000ee080000,0x00000000ee180000)
 ParOldGen       total 1086464K, used 868895K [0x0000000084600000, 0x00000000c6b00000, 0x00000000d6d00000)
  object space 1086464K, 79% used [0x0000000084600000,0x00000000b9687c98,0x00000000c6b00000)
 Metaspace       used 48550K, capacity 48757K, committed 48896K, reserved 1093632K
  class space    used 5498K, capacity 5565K, committed 5632K, reserved 1048576K
}
Event: 35.432 GC heap before
{Heap before GC invocations=78 (full 6):
 PSYoungGen      total 356352K, used 355392K [0x00000000d6d00000, 0x00000000ee180000, 0x0000000100000000)
  eden space 355328K, 100% used [0x00000000d6d00000,0x00000000ec800000,0x00000000ec800000)
  from space 1024K, 6% used [0x00000000ec800000,0x00000000ec810000,0x00000000ec900000)
  to   space 1024K, 0% used [0x00000000ee080000,0x00000000ee080000,0x00000000ee180000)
 ParOldGen       total 1086464K, used 868895K [0x0000000084600000, 0x00000000c6b00000, 0x00000000d6d00000)
  object space 1086464K, 79% used [0x0000000084600000,0x00000000b9687c98,0x00000000c6b00000)
 Metaspace       used 48916K, capacity 49109K, committed 49152K, reserved 1093632K
  class space    used 5542K, capacity 5597K, committed 5632K, reserved 1048576K
Event: 35.495 GC heap after
Heap after GC invocations=78 (full 6):
 PSYoungGen      total 360448K, used 1024K [0x00000000d6d00000, 0x00000000f1100000, 0x0000000100000000)
  eden space 359424K, 0% used [0x00000000d6d00000,0x00000000d6d00000,0x00000000ecc00000)
  from space 1024K, 100% used [0x00000000ee080000,0x00000000ee180000,0x00000000ee180000)
  to   space 20992K, 0% used [0x00000000ecc00000,0x00000000ecc00000,0x00000000ee080000)
 ParOldGen       total 1086464K, used 921905K [0x0000000084600000, 0x00000000c6b00000, 0x00000000d6d00000)
  object space 1086464K, 84% used [0x0000000084600000,0x00000000bca4c600,0x00000000c6b00000)
 Metaspace       used 48916K, capacity 49109K, committed 49152K, reserved 1093632K
  class space    used 5542K, capacity 5597K, committed 5632K, reserved 1048576K
}
Event: 37.509 GC heap before
{Heap before GC invocations=79 (full 6):
 PSYoungGen      total 360448K, used 360448K [0x00000000d6d00000, 0x00000000f1100000, 0x0000000100000000)
  eden space 359424K, 100% used [0x00000000d6d00000,0x00000000ecc00000,0x00000000ecc00000)
  from space 1024K, 100% used [0x00000000ee080000,0x00000000ee180000,0x00000000ee180000)
  to   space 20992K, 0% used [0x00000000ecc00000,0x00000000ecc00000,0x00000000ee080000)
 ParOldGen       total 1086464K, used 921905K [0x0000000084600000, 0x00000000c6b00000, 0x00000000d6d00000)
  object space 1086464K, 84% used [0x0000000084600000,0x00000000bca4c600,0x00000000c6b00000)
 Metaspace       used 51081K, capacity 51330K, committed 51584K, reserved 1095680K
  class space    used 5815K, capacity 5917K, committed 6016K, reserved 1048576K
Event: 37.522 GC heap after
Heap after GC invocations=79 (full 6):
 PSYoungGen      total 380416K, used 6325K [0x00000000d6d00000, 0x00000000f0f00000, 0x0000000100000000)
  eden space 359424K, 0% used [0x00000000d6d00000,0x00000000d6d00000,0x00000000ecc00000)
  from space 20992K, 30% used [0x00000000ecc00000,0x00000000ed22d640,0x00000000ee080000)
  to   space 19456K, 0% used [0x00000000efc00000,0x00000000efc00000,0x00000000f0f00000)
 ParOldGen       total 1086464K, used 921929K [0x0000000084600000, 0x00000000c6b00000, 0x00000000d6d00000)
  object space 1086464K, 84% used [0x0000000084600000,0x00000000bca52600,0x00000000c6b00000)
 Metaspace       used 51081K, capacity 51330K, committed 51584K, reserved 1095680K
  class space    used 5815K, capacity 5917K, committed 6016K, reserved 1048576K
}
Event: 38.254 GC heap before
{Heap before GC invocations=80 (full 6):
 PSYoungGen      total 380416K, used 365749K [0x00000000d6d00000, 0x00000000f0f00000, 0x0000000100000000)
  eden space 359424K, 100% used [0x00000000d6d00000,0x00000000ecc00000,0x00000000ecc00000)
  from space 20992K, 30% used [0x00000000ecc00000,0x00000000ed22d640,0x00000000ee080000)
  to   space 19456K, 0% used [0x00000000efc00000,0x00000000efc00000,0x00000000f0f00000)
 ParOldGen       total 1086464K, used 921929K [0x0000000084600000, 0x00000000c6b00000, 0x00000000d6d00000)
  object space 1086464K, 84% used [0x0000000084600000,0x00000000bca52600,0x00000000c6b00000)
 Metaspace       used 51113K, capacity 51330K, committed 51584K, reserved 1095680K
  class space    used 5817K, capacity 5917K, committed 6016K, reserved 1048576K
Event: 38.269 GC heap after
Heap after GC invocations=80 (full 6):
 PSYoungGen      total 407552K, used 2586K [0x00000000d6d00000, 0x00000000f0e00000, 0x0000000100000000)
  eden space 389120K, 0% used [0x00000000d6d00000,0x00000000d6d00000,0x00000000ee900000)
  from space 18432K, 14% used [0x00000000efc00000,0x00000000efe86a60,0x00000000f0e00000)
  to   space 18944K, 0% used [0x00000000ee900000,0x00000000ee900000,0x00000000efb80000)
 ParOldGen       total 1086464K, used 921937K [0x0000000084600000, 0x00000000c6b00000, 0x00000000d6d00000)
  object space 1086464K, 84% used [0x0000000084600000,0x00000000bca54600,0x00000000c6b00000)
 Metaspace       used 51113K, capacity 51330K, committed 51584K, reserved 1095680K
  class space    used 5817K, capacity 5917K, committed 6016K, reserved 1048576K
}
Event: 38.816 GC heap before
{Heap before GC invocations=81 (full 6):
 PSYoungGen      total 407552K, used 391706K [0x00000000d6d00000, 0x00000000f0e00000, 0x0000000100000000)
  eden space 389120K, 100% used [0x00000000d6d00000,0x00000000ee900000,0x00000000ee900000)
  from space 18432K, 14% used [0x00000000efc00000,0x00000000efe86a60,0x00000000f0e00000)
  to   space 18944K, 0% used [0x00000000ee900000,0x00000000ee900000,0x00000000efb80000)
 ParOldGen       total 1086464K, used 921937K [0x0000000084600000, 0x00000000c6b00000, 0x00000000d6d00000)
  object space 1086464K, 84% used [0x0000000084600000,0x00000000bca54600,0x00000000c6b00000)
 Metaspace       used 51152K, capacity 51394K, committed 51584K, reserved 1095680K
  class space    used 5817K, capacity 5917K, committed 6016K, reserved 1048576K
Event: 38.826 GC heap after
Heap after GC invocations=81 (full 6):
 PSYoungGen      total 408064K, used 5152K [0x00000000d6d00000, 0x00000000f2a00000, 0x0000000100000000)
  eden space 389120K, 0% used [0x00000000d6d00000,0x00000000d6d00000,0x00000000ee900000)
  from space 18944K, 27% used [0x00000000ee900000,0x00000000eee08050,0x00000000efb80000)
  to   space 17408K, 0% used [0x00000000f1900000,0x00000000f1900000,0x00000000f2a00000)
 ParOldGen       total 1086464K, used 921937K [0x0000000084600000, 0x00000000c6b00000, 0x00000000d6d00000)
  object space 1086464K, 84% used [0x0000000084600000,0x00000000bca54600,0x00000000c6b00000)
 Metaspace       used 51152K, capacity 51394K, committed 51584K, reserved 1095680K
  class space    used 5817K, capacity 5917K, committed 6016K, reserved 1048576K
}
Event: 39.445 GC heap before
{Heap before GC invocations=82 (full 6):
 PSYoungGen      total 408064K, used 394272K [0x00000000d6d00000, 0x00000000f2a00000, 0x0000000100000000)
  eden space 389120K, 100% used [0x00000000d6d00000,0x00000000ee900000,0x00000000ee900000)
  from space 18944K, 27% used [0x00000000ee900000,0x00000000eee08050,0x00000000efb80000)
  to   space 17408K, 0% used [0x00000000f1900000,0x00000000f1900000,0x00000000f2a00000)
 ParOldGen       total 1086464K, used 921937K [0x0000000084600000, 0x00000000c6b00000, 0x00000000d6d00000)
  object space 1086464K, 84% used [0x0000000084600000,0x00000000bca54600,0x00000000c6b00000)
 Metaspace       used 51173K, capacity 51394K, committed 51584K, reserved 1095680K
  class space    used 5817K, capacity 5917K, committed 6016K, reserved 1048576K

