# JRE version: Java(TM) SE Runtime Environment (8.0_121-b13) (build 1.8.0_121-b13)
# Java VM: Java HotSpot(TM) 64-Bit Server VM (25.121-b13 mixed mode windows-amd64 compressed oops)
Heap:
 PSYoungGen      total 342528K, used 291710K [0x00000000d6d00000, 0x00000000ed400000, 0x0000000100000000)
  eden space 341504K, 85% used [0x00000000d6d00000,0x00000000e89bf978,0x00000000eba80000)
  from space 1024K, 12% used [0x00000000eba80000,0x00000000ebaa0000,0x00000000ebb80000)
  to   space 1024K, 0% used [0x00000000ed300000,0x00000000ed300000,0x00000000ed400000)
 ParOldGen       total 1086976K, used 868904K [0x0000000084600000, 0x00000000c6b80000, 0x00000000d6d00000)
  object space 1086976K, 79% used [0x0000000084600000,0x00000000b968a398,0x00000000c6b80000)
 Metaspace       used 48923K, capacity 49165K, committed 49280K, reserved 1093632K
  class space    used 5571K, capacity 5661K, committed 5760K, reserved 1048576K
GC Heap History (10 events):
Event: 23.749 GC heap before
{Heap before GC invocations=75 (full 6):
 PSYoungGen      total 299520K, used 298080K [0x00000000d6d00000, 0x00000000e9400000, 0x0000000100000000)
  eden space 297984K, 100% used [0x00000000d6d00000,0x00000000e9000000,0x00000000e9000000)
  from space 1536K, 6% used [0x00000000e9180000,0x00000000e9198000,0x00000000e9300000)
  to   space 1536K, 0% used [0x00000000e9000000,0x00000000e9000000,0x00000000e9180000)
 ParOldGen       total 1086976K, used 868888K [0x0000000084600000, 0x00000000c6b80000, 0x00000000d6d00000)
  object space 1086976K, 79% used [0x0000000084600000,0x00000000b9686398,0x00000000c6b80000)
 Metaspace       used 48537K, capacity 48781K, committed 48896K, reserved 1093632K
  class space    used 5505K, capacity 5597K, committed 5632K, reserved 1048576K
Event: 23.753 GC heap after
Heap after GC invocations=75 (full 6):
 PSYoungGen      total 299520K, used 96K [0x00000000d6d00000, 0x00000000ea680000, 0x0000000100000000)
  eden space 297984K, 0% used [0x00000000d6d00000,0x00000000d6d00000,0x00000000e9000000)
  from space 1536K, 6% used [0x00000000e9000000,0x00000000e9018000,0x00000000e9180000)
  to   space 1024K, 0% used [0x00000000ea580000,0x00000000ea580000,0x00000000ea680000)
 ParOldGen       total 1086976K, used 868904K [0x0000000084600000, 0x00000000c6b80000, 0x00000000d6d00000)
  object space 1086976K, 79% used [0x0000000084600000,0x00000000b968a398,0x00000000c6b80000)
 Metaspace       used 48537K, capacity 48781K, committed 48896K, reserved 1093632K
  class space    used 5505K, capacity 5597K, committed 5632K, reserved 1048576K
}
Event: 23.943 GC heap before
{Heap before GC invocations=76 (full 6):
 PSYoungGen      total 299520K, used 298080K [0x00000000d6d00000, 0x00000000ea680000, 0x0000000100000000)
  eden space 297984K, 100% used [0x00000000d6d00000,0x00000000e9000000,0x00000000e9000000)
  from space 1536K, 6% used [0x00000000e9000000,0x00000000e9018000,0x00000000e9180000)
  to   space 1024K, 0% used [0x00000000ea580000,0x00000000ea580000,0x00000000ea680000)
 ParOldGen       total 1086976K, used 868904K [0x0000000084600000, 0x00000000c6b80000, 0x00000000d6d00000)
  object space 1086976K, 79% used [0x0000000084600000,0x00000000b968a398,0x00000000c6b80000)
 Metaspace       used 48537K, capacity 48781K, committed 48896K, reserved 1093632K
  class space    used 5505K, capacity 5597K, committed 5632K, reserved 1048576K
Event: 23.947 GC heap after
Heap after GC invocations=76 (full 6):
 PSYoungGen      total 320000K, used 128K [0x00000000d6d00000, 0x00000000ea700000, 0x0000000100000000)
  eden space 318976K, 0% used [0x00000000d6d00000,0x00000000d6d00000,0x00000000ea480000)
  from space 1024K, 12% used [0x00000000ea580000,0x00000000ea5a0000,0x00000000ea680000)
  to   space 1024K, 0% used [0x00000000ea480000,0x00000000ea480000,0x00000000ea580000)
 ParOldGen       total 1086976K, used 868904K [0x0000000084600000, 0x00000000c6b80000, 0x00000000d6d00000)
  object space 1086976K, 79% used [0x0000000084600000,0x00000000b968a398,0x00000000c6b80000)
 Metaspace       used 48537K, capacity 48781K, committed 48896K, reserved 1093632K
  class space    used 5505K, capacity 5597K, committed 5632K, reserved 1048576K
}
Event: 24.153 GC heap before
{Heap before GC invocations=77 (full 6):
 PSYoungGen      total 320000K, used 319104K [0x00000000d6d00000, 0x00000000ea700000, 0x0000000100000000)
  eden space 318976K, 100% used [0x00000000d6d00000,0x00000000ea480000,0x00000000ea480000)
  from space 1024K, 12% used [0x00000000ea580000,0x00000000ea5a0000,0x00000000ea680000)
  to   space 1024K, 0% used [0x00000000ea480000,0x00000000ea480000,0x00000000ea580000)
 ParOldGen       total 1086976K, used 868904K [0x0000000084600000, 0x00000000c6b80000, 0x00000000d6d00000)
  object space 1086976K, 79% used [0x0000000084600000,0x00000000b968a398,0x00000000c6b80000)
 Metaspace       used 48537K, capacity 48781K, committed 48896K, reserved 1093632K
  class space    used 5505K, capacity 5597K, committed 5632K, reserved 1048576K
Event: 24.157 GC heap after
Heap after GC invocations=77 (full 6):
 PSYoungGen      total 320000K, used 96K [0x00000000d6d00000, 0x00000000ebd00000, 0x0000000100000000)
  eden space 318976K, 0% used [0x00000000d6d00000,0x00000000d6d00000,0x00000000ea480000)
  from space 1024K, 9% used [0x00000000ea480000,0x00000000ea498000,0x00000000ea580000)
  to   space 1024K, 0% used [0x00000000ebc00000,0x00000000ebc00000,0x00000000ebd00000)
 ParOldGen       total 1086976K, used 868904K [0x0000000084600000, 0x00000000c6b80000, 0x00000000d6d00000)
  object space 1086976K, 79% used [0x0000000084600000,0x00000000b968a398,0x00000000c6b80000)
 Metaspace       used 48537K, capacity 48781K, committed 48896K, reserved 1093632K
  class space    used 5505K, capacity 5597K, committed 5632K, reserved 1048576K
}
Event: 24.361 GC heap before
{Heap before GC invocations=78 (full 6):
 PSYoungGen      total 320000K, used 319072K [0x00000000d6d00000, 0x00000000ebd00000, 0x0000000100000000)
  eden space 318976K, 100% used [0x00000000d6d00000,0x00000000ea480000,0x00000000ea480000)
  from space 1024K, 9% used [0x00000000ea480000,0x00000000ea498000,0x00000000ea580000)
  to   space 1024K, 0% used [0x00000000ebc00000,0x00000000ebc00000,0x00000000ebd00000)
 ParOldGen       total 1086976K, used 868904K [0x0000000084600000, 0x00000000c6b80000, 0x00000000d6d00000)
  object space 1086976K, 79% used [0x0000000084600000,0x00000000b968a398,0x00000000c6b80000)
 Metaspace       used 48537K, capacity 48781K, committed 48896K, reserved 1093632K
  class space    used 5505K, capacity 5597K, committed 5632K, reserved 1048576K
Event: 24.365 GC heap after
Heap after GC invocations=78 (full 6):
 PSYoungGen      total 342016K, used 128K [0x00000000d6d00000, 0x00000000ebc80000, 0x0000000100000000)
  eden space 341504K, 0% used [0x00000000d6d00000,0x00000000d6d00000,0x00000000eba80000)
  from space 512K, 25% used [0x00000000ebc00000,0x00000000ebc20000,0x00000000ebc80000)
  to   space 1024K, 0% used [0x00000000eba80000,0x00000000eba80000,0x00000000ebb80000)
 ParOldGen       total 1086976K, used 868904K [0x0000000084600000, 0x00000000c6b80000, 0x00000000d6d00000)
  object space 1086976K, 79% used [0x0000000084600000,0x00000000b968a398,0x00000000c6b80000)
 Metaspace       used 48537K, capacity 48781K, committed 48896K, reserved 1093632K
  class space    used 5505K, capacity 5597K, committed 5632K, reserved 1048576K
}
Event: 24.585 GC heap before
{Heap before GC invocations=79 (full 6):
 PSYoungGen      total 342016K, used 341632K [0x00000000d6d00000, 0x00000000ebc80000, 0x0000000100000000)
  eden space 341504K, 100% used [0x00000000d6d00000,0x00000000eba80000,0x00000000eba80000)
  from space 512K, 25% used [0x00000000ebc00000,0x00000000ebc20000,0x00000000ebc80000)
  to   space 1024K, 0% used [0x00000000eba80000,0x00000000eba80000,0x00000000ebb80000)
 ParOldGen       total 1086976K, used 868904K [0x0000000084600000, 0x00000000c6b80000, 0x00000000d6d00000)
  object space 1086976K, 79% used [0x0000000084600000,0x00000000b968a398,0x00000000c6b80000)
 Metaspace       used 48537K, capacity 48781K, committed 48896K, reserved 1093632K
  class space    used 5505K, capacity 5597K, committed 5632K, reserved 1048576K
Event: 24.589 GC heap after
Heap after GC invocations=79 (full 6):
 PSYoungGen      total 342528K, used 128K [0x00000000d6d00000, 0x00000000ed400000, 0x0000000100000000)
  eden space 341504K, 0% used [0x00000000d6d00000,0x00000000d6d00000,0x00000000eba80000)
  from space 1024K, 12% used [0x00000000eba80000,0x00000000ebaa0000,0x00000000ebb80000)
  to   space 1024K, 0% used [0x00000000ed300000,0x00000000ed300000,0x00000000ed400000)
 ParOldGen       total 1086976K, used 868904K [0x0000000084600000, 0x00000000c6b80000, 0x00000000d6d00000)
  object space 1086976K, 79% used [0x0000000084600000,0x00000000b968a398,0x00000000c6b80000)
 Metaspace       used 48537K, capacity 48781K, committed 48896K, reserved 1093632K
  class space    used 5505K, capacity 5597K, committed 5632K, reserved 1048576K
}

